# JRE version: Java(TM) SE Runtime Environment (8.0_251-b08) (build 1.8.0_251-b08)
# Java VM: Java HotSpot(TM) 64-Bit Server VM (25.251-b08 mixed mode bsd-amd64 compressed oops)
Heap:
 PSYoungGen      total 37888K, used 34540K [0x0000000795580000, 0x0000000798980000, 0x00000007c0000000)
  eden space 32768K, 89% used [0x0000000795580000,0x00000007972400a8,0x0000000797580000)
  from space 5120K, 99% used [0x0000000797600000,0x0000000797afb170,0x0000000797b00000)
  to   space 10240K, 0% used [0x0000000797f80000,0x0000000797f80000,0x0000000798980000)
 ParOldGen       total 49664K, used 23250K [0x0000000740000000, 0x0000000743080000, 0x0000000795580000)
  object space 49664K, 46% used [0x0000000740000000,0x00000007416b4a18,0x0000000743080000)
 Metaspace       used 23321K, capacity 24444K, committed 24576K, reserved 1071104K
  class space    used 3013K, capacity 3256K, committed 3328K, reserved 1048576K
GC Heap History (10 events):
Event: 19.023 GC heap before
{Heap before GC invocations=2 (full 0):
 PSYoungGen      total 38400K, used 38387K [0x0000000795580000, 0x0000000798000000, 0x00000007c0000000)
  eden space 33280K, 100% used [0x0000000795580000,0x0000000797600000,0x0000000797600000)
  from space 5120K, 99% used [0x0000000797600000,0x0000000797afcf58,0x0000000797b00000)
  to   space 5120K, 0% used [0x0000000797b00000,0x0000000797b00000,0x0000000798000000)
 ParOldGen       total 87552K, used 1127K [0x0000000740000000, 0x0000000745580000, 0x0000000795580000)
  object space 87552K, 1% used [0x0000000740000000,0x0000000740119db0,0x0000000745580000)
 Metaspace       used 17650K, capacity 18274K, committed 18560K, reserved 1064960K
  class space    used 2216K, capacity 2397K, committed 2432K, reserved 1048576K
Event: 19.053 GC heap after
Heap after GC invocations=2 (full 0):
 PSYoungGen      total 38400K, used 5104K [0x0000000795580000, 0x0000000798000000, 0x00000007c0000000)
  eden space 33280K, 0% used [0x0000000795580000,0x0000000795580000,0x0000000797600000)
  from space 5120K, 99% used [0x0000000797b00000,0x0000000797ffc270,0x0000000798000000)
  to   space 5120K, 0% used [0x0000000797600000,0x0000000797600000,0x0000000797b00000)
 ParOldGen       total 87552K, used 4344K [0x0000000740000000, 0x0000000745580000, 0x0000000795580000)
  object space 87552K, 4% used [0x0000000740000000,0x000000074043e1a0,0x0000000745580000)
 Metaspace       used 17650K, capacity 18274K, committed 18560K, reserved 1064960K
  class space    used 2216K, capacity 2397K, committed 2432K, reserved 1048576K
}
Event: 29.247 GC heap before
{Heap before GC invocations=3 (full 0):
 PSYoungGen      total 38400K, used 32578K [0x0000000795580000, 0x0000000798000000, 0x00000007c0000000)
  eden space 33280K, 82% used [0x0000000795580000,0x0000000797054628,0x0000000797600000)
  from space 5120K, 99% used [0x0000000797b00000,0x0000000797ffc270,0x0000000798000000)
  to   space 5120K, 0% used [0x0000000797600000,0x0000000797600000,0x0000000797b00000)
 ParOldGen       total 87552K, used 4344K [0x0000000740000000, 0x0000000745580000, 0x0000000795580000)
  object space 87552K, 4% used [0x0000000740000000,0x000000074043e1a0,0x0000000745580000)
 Metaspace       used 20311K, capacity 21214K, committed 21296K, reserved 1067008K
  class space    used 2657K, capacity 2873K, committed 2944K, reserved 1048576K
Event: 29.293 GC heap after
Heap after GC invocations=3 (full 0):
 PSYoungGen      total 38400K, used 5108K [0x0000000795580000, 0x0000000798000000, 0x00000007c0000000)
  eden space 33280K, 0% used [0x0000000795580000,0x0000000795580000,0x0000000797600000)
  from space 5120K, 99% used [0x0000000797600000,0x0000000797afd3a0,0x0000000797b00000)
  to   space 5120K, 0% used [0x0000000797b00000,0x0000000797b00000,0x0000000798000000)
 ParOldGen       total 87552K, used 8080K [0x0000000740000000, 0x0000000745580000, 0x0000000795580000)
  object space 87552K, 9% used [0x0000000740000000,0x00000007407e41a0,0x0000000745580000)
 Metaspace       used 20311K, capacity 21214K, committed 21296K, reserved 1067008K
  class space    used 2657K, capacity 2873K, committed 2944K, reserved 1048576K
}
Event: 29.293 GC heap before
{Heap before GC invocations=4 (full 1):
 PSYoungGen      total 38400K, used 5108K [0x0000000795580000, 0x0000000798000000, 0x00000007c0000000)
  eden space 33280K, 0% used [0x0000000795580000,0x0000000795580000,0x0000000797600000)
  from space 5120K, 99% used [0x0000000797600000,0x0000000797afd3a0,0x0000000797b00000)
  to   space 5120K, 0% used [0x0000000797b00000,0x0000000797b00000,0x0000000798000000)
 ParOldGen       total 87552K, used 8080K [0x0000000740000000, 0x0000000745580000, 0x0000000795580000)
  object space 87552K, 9% used [0x0000000740000000,0x00000007407e41a0,0x0000000745580000)
 Metaspace       used 20311K, capacity 21214K, committed 21296K, reserved 1067008K
  class space    used 2657K, capacity 2873K, committed 2944K, reserved 1048576K
Event: 29.341 GC heap after
Heap after GC invocations=4 (full 1):
 PSYoungGen      total 38400K, used 0K [0x0000000795580000, 0x0000000798000000, 0x00000007c0000000)
  eden space 33280K, 0% used [0x0000000795580000,0x0000000795580000,0x0000000797600000)
  from space 5120K, 0% used [0x0000000797600000,0x0000000797600000,0x0000000797b00000)
  to   space 5120K, 0% used [0x0000000797b00000,0x0000000797b00000,0x0000000798000000)
 ParOldGen       total 49664K, used 11501K [0x0000000740000000, 0x0000000743080000, 0x0000000795580000)
  object space 49664K, 23% used [0x0000000740000000,0x0000000740b3b588,0x0000000743080000)
 Metaspace       used 20311K, capacity 21214K, committed 21296K, reserved 1067008K
  class space    used 2657K, capacity 2873K, committed 2944K, reserved 1048576K
}
Event: 34.944 GC heap before
{Heap before GC invocations=5 (full 1):
 PSYoungGen      total 38400K, used 33280K [0x0000000795580000, 0x0000000798000000, 0x00000007c0000000)
  eden space 33280K, 100% used [0x0000000795580000,0x0000000797600000,0x0000000797600000)
  from space 5120K, 0% used [0x0000000797600000,0x0000000797600000,0x0000000797b00000)
  to   space 5120K, 0% used [0x0000000797b00000,0x0000000797b00000,0x0000000798000000)
 ParOldGen       total 49664K, used 11501K [0x0000000740000000, 0x0000000743080000, 0x0000000795580000)
  object space 49664K, 23% used [0x0000000740000000,0x0000000740b3b588,0x0000000743080000)
 Metaspace       used 22573K, capacity 23692K, committed 23808K, reserved 1069056K
  class space    used 2986K, capacity 3240K, committed 3328K, reserved 1048576K
Event: 34.950 GC heap after
Heap after GC invocations=5 (full 1):
 PSYoungGen      total 38400K, used 5078K [0x0000000795580000, 0x0000000798000000, 0x00000007c0000000)
  eden space 33280K, 0% used [0x0000000795580000,0x0000000795580000,0x0000000797600000)
  from space 5120K, 99% used [0x0000000797b00000,0x0000000797ff5810,0x0000000798000000)
  to   space 5120K, 0% used [0x0000000797600000,0x0000000797600000,0x0000000797b00000)
 ParOldGen       total 49664K, used 22069K [0x0000000740000000, 0x0000000743080000, 0x0000000795580000)
  object space 49664K, 44% used [0x0000000740000000,0x000000074158d5a8,0x0000000743080000)
 Metaspace       used 22573K, capacity 23692K, committed 23808K, reserved 1069056K
  class space    used 2986K, capacity 3240K, committed 3328K, reserved 1048576K
}
Event: 73.632 GC heap before
{Heap before GC invocations=6 (full 1):
 PSYoungGen      total 38400K, used 38358K [0x0000000795580000, 0x0000000798000000, 0x00000007c0000000)
  eden space 33280K, 100% used [0x0000000795580000,0x0000000797600000,0x0000000797600000)
  from space 5120K, 99% used [0x0000000797b00000,0x0000000797ff5810,0x0000000798000000)
  to   space 5120K, 0% used [0x0000000797600000,0x0000000797600000,0x0000000797b00000)
 ParOldGen       total 49664K, used 22069K [0x0000000740000000, 0x0000000743080000, 0x0000000795580000)
  object space 49664K, 44% used [0x0000000740000000,0x000000074158d5a8,0x0000000743080000)
 Metaspace       used 23003K, capacity 24126K, committed 24320K, reserved 1071104K
  class space    used 3002K, capacity 3249K, committed 3328K, reserved 1048576K
Event: 73.644 GC heap after
Heap after GC invocations=6 (full 1):
 PSYoungGen      total 37888K, used 5100K [0x0000000795580000, 0x0000000798980000, 0x00000007c0000000)
  eden space 32768K, 0% used [0x0000000795580000,0x0000000795580000,0x0000000797580000)
  from space 5120K, 99% used [0x0000000797600000,0x0000000797afb170,0x0000000797b00000)
  to   space 10240K, 0% used [0x0000000797f80000,0x0000000797f80000,0x0000000798980000)
 ParOldGen       total 49664K, used 23250K [0x0000000740000000, 0x0000000743080000, 0x0000000795580000)
  object space 49664K, 46% used [0x0000000740000000,0x00000007416b4a18,0x0000000743080000)
 Metaspace       used 23003K, capacity 24126K, committed 24320K, reserved 1071104K
  class space    used 3002K, capacity 3249K, committed 3328K, reserved 1048576K
}

