# JRE version: Java(TM) SE Runtime Environment (8.0_251-b08) (build 1.8.0_251-b08)
# Java VM: Java HotSpot(TM) 64-Bit Server VM (25.251-b08 mixed mode bsd-amd64 compressed oops)
Heap:
 PSYoungGen      total 38400K, used 4034K [0x0000000795580000, 0x000000079b900000, 0x00000007c0000000)
  eden space 33280K, 1% used [0x0000000795580000,0x00000007956254e8,0x0000000797600000)
  from space 5120K, 65% used [0x0000000797600000,0x000000079794b600,0x0000000797b00000)
  to   space 18944K, 0% used [0x000000079a680000,0x000000079a680000,0x000000079b900000)
 ParOldGen       total 65024K, used 15159K [0x0000000740000000, 0x0000000743f80000, 0x0000000795580000)
  object space 65024K, 23% used [0x0000000740000000,0x0000000740ecdda8,0x0000000743f80000)
 Metaspace       used 22732K, capacity 23868K, committed 24064K, reserved 1071104K
  class space    used 3004K, capacity 3250K, committed 3328K, reserved 1048576K
GC Heap History (10 events):
Event: 14.367 GC heap before
{Heap before GC invocations=2 (full 0):
 PSYoungGen      total 38400K, used 38375K [0x0000000795580000, 0x0000000798000000, 0x00000007c0000000)
  eden space 33280K, 100% used [0x0000000795580000,0x0000000797600000,0x0000000797600000)
  from space 5120K, 99% used [0x0000000797600000,0x0000000797af9fb0,0x0000000797b00000)
  to   space 5120K, 0% used [0x0000000797b00000,0x0000000797b00000,0x0000000798000000)
 ParOldGen       total 87552K, used 1126K [0x0000000740000000, 0x0000000745580000, 0x0000000795580000)
  object space 87552K, 1% used [0x0000000740000000,0x0000000740119a20,0x0000000745580000)
 Metaspace       used 17663K, capacity 18270K, committed 18560K, reserved 1064960K
  class space    used 2216K, capacity 2397K, committed 2432K, reserved 1048576K
Event: 14.404 GC heap after
Heap after GC invocations=2 (full 0):
 PSYoungGen      total 38400K, used 5088K [0x0000000795580000, 0x0000000798000000, 0x00000007c0000000)
  eden space 33280K, 0% used [0x0000000795580000,0x0000000795580000,0x0000000797600000)
  from space 5120K, 99% used [0x0000000797b00000,0x0000000797ff8020,0x0000000798000000)
  to   space 5120K, 0% used [0x0000000797600000,0x0000000797600000,0x0000000797b00000)
 ParOldGen       total 87552K, used 3487K [0x0000000740000000, 0x0000000745580000, 0x0000000795580000)
  object space 87552K, 3% used [0x0000000740000000,0x0000000740367cc0,0x0000000745580000)
 Metaspace       used 17663K, capacity 18270K, committed 18560K, reserved 1064960K
  class space    used 2216K, capacity 2397K, committed 2432K, reserved 1048576K
}
Event: 23.003 GC heap before
{Heap before GC invocations=3 (full 0):
 PSYoungGen      total 38400K, used 38368K [0x0000000795580000, 0x0000000798000000, 0x00000007c0000000)
  eden space 33280K, 100% used [0x0000000795580000,0x0000000797600000,0x0000000797600000)
  from space 5120K, 99% used [0x0000000797b00000,0x0000000797ff8020,0x0000000798000000)
  to   space 5120K, 0% used [0x0000000797600000,0x0000000797600000,0x0000000797b00000)
 ParOldGen       total 87552K, used 3487K [0x0000000740000000, 0x0000000745580000, 0x0000000795580000)
  object space 87552K, 3% used [0x0000000740000000,0x0000000740367cc0,0x0000000745580000)
 Metaspace       used 20152K, capacity 21094K, committed 21296K, reserved 1067008K
  class space    used 2664K, capacity 2897K, committed 2944K, reserved 1048576K
Event: 23.041 GC heap after
Heap after GC invocations=3 (full 0):
 PSYoungGen      total 38400K, used 5104K [0x0000000795580000, 0x0000000798000000, 0x00000007c0000000)
  eden space 33280K, 0% used [0x0000000795580000,0x0000000795580000,0x0000000797600000)
  from space 5120K, 99% used [0x0000000797600000,0x0000000797afc260,0x0000000797b00000)
  to   space 5120K, 0% used [0x0000000797b00000,0x0000000797b00000,0x0000000798000000)
 ParOldGen       total 87552K, used 17440K [0x0000000740000000, 0x0000000745580000, 0x0000000795580000)
  object space 87552K, 19% used [0x0000000740000000,0x0000000741108180,0x0000000745580000)
 Metaspace       used 20152K, capacity 21094K, committed 21296K, reserved 1067008K
  class space    used 2664K, capacity 2897K, committed 2944K, reserved 1048576K
}
Event: 23.246 GC heap before
{Heap before GC invocations=4 (full 0):
 PSYoungGen      total 38400K, used 7871K [0x0000000795580000, 0x0000000798000000, 0x00000007c0000000)
  eden space 33280K, 8% used [0x0000000795580000,0x0000000795833a68,0x0000000797600000)
  from space 5120K, 99% used [0x0000000797600000,0x0000000797afc260,0x0000000797b00000)
  to   space 5120K, 0% used [0x0000000797b00000,0x0000000797b00000,0x0000000798000000)
 ParOldGen       total 87552K, used 17440K [0x0000000740000000, 0x0000000745580000, 0x0000000795580000)
  object space 87552K, 19% used [0x0000000740000000,0x0000000741108180,0x0000000745580000)
 Metaspace       used 20292K, capacity 21222K, committed 21296K, reserved 1067008K
  class space    used 2668K, capacity 2897K, committed 2944K, reserved 1048576K
Event: 23.265 GC heap after
Heap after GC invocations=4 (full 0):
 PSYoungGen      total 38400K, used 5089K [0x0000000795580000, 0x000000079a080000, 0x00000007c0000000)
  eden space 33280K, 0% used [0x0000000795580000,0x0000000795580000,0x0000000797600000)
  from space 5120K, 99% used [0x0000000797b00000,0x0000000797ff8490,0x0000000798000000)
  to   space 5120K, 0% used [0x0000000797600000,0x0000000797600000,0x0000000797b00000)
 ParOldGen       total 87552K, used 18032K [0x0000000740000000, 0x0000000745580000, 0x0000000795580000)
  object space 87552K, 20% used [0x0000000740000000,0x000000074119c180,0x0000000745580000)
 Metaspace       used 20292K, capacity 21222K, committed 21296K, reserved 1067008K
  class space    used 2668K, capacity 2897K, committed 2944K, reserved 1048576K
}
Event: 23.265 GC heap before
{Heap before GC invocations=5 (full 1):
 PSYoungGen      total 38400K, used 5089K [0x0000000795580000, 0x000000079a080000, 0x00000007c0000000)
  eden space 33280K, 0% used [0x0000000795580000,0x0000000795580000,0x0000000797600000)
  from space 5120K, 99% used [0x0000000797b00000,0x0000000797ff8490,0x0000000798000000)
  to   space 5120K, 0% used [0x0000000797600000,0x0000000797600000,0x0000000797b00000)
 ParOldGen       total 87552K, used 18032K [0x0000000740000000, 0x0000000745580000, 0x0000000795580000)
  object space 87552K, 20% used [0x0000000740000000,0x000000074119c180,0x0000000745580000)
 Metaspace       used 20292K, capacity 21222K, committed 21296K, reserved 1067008K
  class space    used 2668K, capacity 2897K, committed 2944K, reserved 1048576K
Event: 23.302 GC heap after
Heap after GC invocations=5 (full 1):
 PSYoungGen      total 38400K, used 0K [0x0000000795580000, 0x000000079a080000, 0x00000007c0000000)
  eden space 33280K, 0% used [0x0000000795580000,0x0000000795580000,0x0000000797600000)
  from space 5120K, 0% used [0x0000000797b00000,0x0000000797b00000,0x0000000798000000)
  to   space 5120K, 0% used [0x0000000797600000,0x0000000797600000,0x0000000797b00000)
 ParOldGen       total 65024K, used 15151K [0x0000000740000000, 0x0000000743f80000, 0x0000000795580000)
  object space 65024K, 23% used [0x0000000740000000,0x0000000740ecbda8,0x0000000743f80000)
 Metaspace       used 20292K, capacity 21222K, committed 21296K, reserved 1067008K
  class space    used 2668K, capacity 2897K, committed 2944K, reserved 1048576K
}
Event: 45.186 GC heap before
{Heap before GC invocations=6 (full 1):
 PSYoungGen      total 38400K, used 33280K [0x0000000795580000, 0x000000079a080000, 0x00000007c0000000)
  eden space 33280K, 100% used [0x0000000795580000,0x0000000797600000,0x0000000797600000)
  from space 5120K, 0% used [0x0000000797b00000,0x0000000797b00000,0x0000000798000000)
  to   space 5120K, 0% used [0x0000000797600000,0x0000000797600000,0x0000000797b00000)
 ParOldGen       total 65024K, used 15151K [0x0000000740000000, 0x0000000743f80000, 0x0000000795580000)
  object space 65024K, 23% used [0x0000000740000000,0x0000000740ecbda8,0x0000000743f80000)
 Metaspace       used 22717K, capacity 23804K, committed 24064K, reserved 1071104K
  class space    used 3002K, capacity 3250K, committed 3328K, reserved 1048576K
Event: 45.201 GC heap after
Heap after GC invocations=6 (full 1):
 PSYoungGen      total 38400K, used 3373K [0x0000000795580000, 0x000000079b900000, 0x00000007c0000000)
  eden space 33280K, 0% used [0x0000000795580000,0x0000000795580000,0x0000000797600000)
  from space 5120K, 65% used [0x0000000797600000,0x000000079794b600,0x0000000797b00000)
  to   space 18944K, 0% used [0x000000079a680000,0x000000079a680000,0x000000079b900000)
 ParOldGen       total 65024K, used 15159K [0x0000000740000000, 0x0000000743f80000, 0x0000000795580000)
  object space 65024K, 23% used [0x0000000740000000,0x0000000740ecdda8,0x0000000743f80000)
 Metaspace       used 22717K, capacity 23804K, committed 24064K, reserved 1071104K
  class space    used 3002K, capacity 3250K, committed 3328K, reserved 1048576K
}

