# JRE version: Java(TM) SE Runtime Environment (8.0_251-b08) (build 1.8.0_251-b08)
# Java VM: Java HotSpot(TM) 64-Bit Server VM (25.251-b08 mixed mode bsd-amd64 compressed oops)
Heap:
 PSYoungGen      total 43008K, used 13742K [0x0000000795580000, 0x0000000798e00000, 0x00000007c0000000)
  eden space 30208K, 24% used [0x0000000795580000,0x0000000795cd04e0,0x0000000797300000)
  from space 12800K, 48% used [0x0000000798180000,0x000000079879b400,0x0000000798e00000)
  to   space 13824K, 0% used [0x0000000797300000,0x0000000797300000,0x0000000798080000)
 ParOldGen       total 69120K, used 24942K [0x0000000740000000, 0x0000000744380000, 0x0000000795580000)
  object space 69120K, 36% used [0x0000000740000000,0x000000074185b968,0x0000000744380000)
 Metaspace       used 24217K, capacity 25430K, committed 25728K, reserved 1071104K
  class space    used 3082K, capacity 3335K, committed 3456K, reserved 1048576K
GC Heap History (10 events):
Event: 86.799 GC heap before
{Heap before GC invocations=7 (full 1):
 PSYoungGen      total 37888K, used 36384K [0x0000000795580000, 0x0000000799880000, 0x00000007c0000000)
  eden space 32768K, 100% used [0x0000000795580000,0x0000000797580000,0x0000000797580000)
  from space 5120K, 70% used [0x0000000797600000,0x0000000797988000,0x0000000797b00000)
  to   space 17920K, 0% used [0x0000000798700000,0x0000000798700000,0x0000000799880000)
 ParOldGen       total 69120K, used 24918K [0x0000000740000000, 0x0000000744380000, 0x0000000795580000)
  object space 69120K, 36% used [0x0000000740000000,0x0000000741855968,0x0000000744380000)
 Metaspace       used 23476K, capacity 24678K, committed 24832K, reserved 1071104K
  class space    used 3046K, capacity 3293K, committed 3328K, reserved 1048576K
Event: 86.818 GC heap after
Heap after GC invocations=7 (full 1):
 PSYoungGen      total 47616K, used 4257K [0x0000000795580000, 0x0000000799600000, 0x00000007c0000000)
  eden space 32256K, 0% used [0x0000000795580000,0x0000000795580000,0x0000000797500000)
  from space 15360K, 27% used [0x0000000798700000,0x0000000798b28480,0x0000000799600000)
  to   space 16896K, 0% used [0x0000000797500000,0x0000000797500000,0x0000000798580000)
 ParOldGen       total 69120K, used 24918K [0x0000000740000000, 0x0000000744380000, 0x0000000795580000)
  object space 69120K, 36% used [0x0000000740000000,0x0000000741855968,0x0000000744380000)
 Metaspace       used 23476K, capacity 24678K, committed 24832K, reserved 1071104K
  class space    used 3046K, capacity 3293K, committed 3328K, reserved 1048576K
}
Event: 108.461 GC heap before
{Heap before GC invocations=8 (full 1):
 PSYoungGen      total 47616K, used 36513K [0x0000000795580000, 0x0000000799600000, 0x00000007c0000000)
  eden space 32256K, 100% used [0x0000000795580000,0x0000000797500000,0x0000000797500000)
  from space 15360K, 27% used [0x0000000798700000,0x0000000798b28480,0x0000000799600000)
  to   space 16896K, 0% used [0x0000000797500000,0x0000000797500000,0x0000000798580000)
 ParOldGen       total 69120K, used 24918K [0x0000000740000000, 0x0000000744380000, 0x0000000795580000)
  object space 69120K, 36% used [0x0000000740000000,0x0000000741855968,0x0000000744380000)
 Metaspace       used 23674K, capacity 24882K, committed 25088K, reserved 1071104K
  class space    used 3046K, capacity 3293K, committed 3328K, reserved 1048576K
Event: 108.485 GC heap after
Heap after GC invocations=8 (full 1):
 PSYoungGen      total 36864K, used 4785K [0x0000000795580000, 0x0000000799380000, 0x00000007c0000000)
  eden space 31744K, 0% used [0x0000000795580000,0x0000000795580000,0x0000000797480000)
  from space 5120K, 93% used [0x0000000797500000,0x00000007979ac470,0x0000000797a00000)
  to   space 15872K, 0% used [0x0000000798400000,0x0000000798400000,0x0000000799380000)
 ParOldGen       total 69120K, used 24918K [0x0000000740000000, 0x0000000744380000, 0x0000000795580000)
  object space 69120K, 36% used [0x0000000740000000,0x0000000741855968,0x0000000744380000)
 Metaspace       used 23674K, capacity 24882K, committed 25088K, reserved 1071104K
  class space    used 3046K, capacity 3293K, committed 3328K, reserved 1048576K
}
Event: 135.716 GC heap before
{Heap before GC invocations=9 (full 1):
 PSYoungGen      total 36864K, used 36529K [0x0000000795580000, 0x0000000799380000, 0x00000007c0000000)
  eden space 31744K, 100% used [0x0000000795580000,0x0000000797480000,0x0000000797480000)
  from space 5120K, 93% used [0x0000000797500000,0x00000007979ac470,0x0000000797a00000)
  to   space 15872K, 0% used [0x0000000798400000,0x0000000798400000,0x0000000799380000)
 ParOldGen       total 69120K, used 24918K [0x0000000740000000, 0x0000000744380000, 0x0000000795580000)
  object space 69120K, 36% used [0x0000000740000000,0x0000000741855968,0x0000000744380000)
 Metaspace       used 23783K, capacity 24962K, committed 25088K, reserved 1071104K
  class space    used 3047K, capacity 3293K, committed 3328K, reserved 1048576K
Event: 135.733 GC heap after
Heap after GC invocations=9 (full 1):
 PSYoungGen      total 45568K, used 4720K [0x0000000795580000, 0x0000000799200000, 0x00000007c0000000)
  eden space 31232K, 0% used [0x0000000795580000,0x0000000795580000,0x0000000797400000)
  from space 14336K, 32% used [0x0000000798400000,0x000000079889c230,0x0000000799200000)
  to   space 15360K, 0% used [0x0000000797400000,0x0000000797400000,0x0000000798300000)
 ParOldGen       total 69120K, used 24926K [0x0000000740000000, 0x0000000744380000, 0x0000000795580000)
  object space 69120K, 36% used [0x0000000740000000,0x0000000741857968,0x0000000744380000)
 Metaspace       used 23783K, capacity 24962K, committed 25088K, reserved 1071104K
  class space    used 3047K, capacity 3293K, committed 3328K, reserved 1048576K
}
Event: 161.911 GC heap before
{Heap before GC invocations=10 (full 1):
 PSYoungGen      total 45568K, used 35952K [0x0000000795580000, 0x0000000799200000, 0x00000007c0000000)
  eden space 31232K, 100% used [0x0000000795580000,0x0000000797400000,0x0000000797400000)
  from space 14336K, 32% used [0x0000000798400000,0x000000079889c230,0x0000000799200000)
  to   space 15360K, 0% used [0x0000000797400000,0x0000000797400000,0x0000000798300000)
 ParOldGen       total 69120K, used 24926K [0x0000000740000000, 0x0000000744380000, 0x0000000795580000)
  object space 69120K, 36% used [0x0000000740000000,0x0000000741857968,0x0000000744380000)
 Metaspace       used 24030K, capacity 25194K, committed 25344K, reserved 1071104K
  class space    used 3073K, capacity 3327K, committed 3328K, reserved 1048576K
Event: 161.930 GC heap after
Heap after GC invocations=10 (full 1):
 PSYoungGen      total 36864K, used 5728K [0x0000000795580000, 0x0000000798f80000, 0x00000007c0000000)
  eden space 30720K, 0% used [0x0000000795580000,0x0000000795580000,0x0000000797380000)
  from space 6144K, 93% used [0x0000000797400000,0x0000000797998000,0x0000000797a00000)
  to   space 14336K, 0% used [0x0000000798180000,0x0000000798180000,0x0000000798f80000)
 ParOldGen       total 69120K, used 24934K [0x0000000740000000, 0x0000000744380000, 0x0000000795580000)
  object space 69120K, 36% used [0x0000000740000000,0x0000000741859968,0x0000000744380000)
 Metaspace       used 24030K, capacity 25194K, committed 25344K, reserved 1071104K
  class space    used 3073K, capacity 3327K, committed 3328K, reserved 1048576K
}
Event: 191.085 GC heap before
{Heap before GC invocations=11 (full 1):
 PSYoungGen      total 36864K, used 36448K [0x0000000795580000, 0x0000000798f80000, 0x00000007c0000000)
  eden space 30720K, 100% used [0x0000000795580000,0x0000000797380000,0x0000000797380000)
  from space 6144K, 93% used [0x0000000797400000,0x0000000797998000,0x0000000797a00000)
  to   space 14336K, 0% used [0x0000000798180000,0x0000000798180000,0x0000000798f80000)
 ParOldGen       total 69120K, used 24934K [0x0000000740000000, 0x0000000744380000, 0x0000000795580000)
  object space 69120K, 36% used [0x0000000740000000,0x0000000741859968,0x0000000744380000)
 Metaspace       used 24191K, capacity 25406K, committed 25728K, reserved 1071104K
  class space    used 3077K, capacity 3329K, committed 3456K, reserved 1048576K
Event: 191.117 GC heap after
Heap after GC invocations=11 (full 1):
 PSYoungGen      total 43008K, used 6253K [0x0000000795580000, 0x0000000798e00000, 0x00000007c0000000)
  eden space 30208K, 0% used [0x0000000795580000,0x0000000795580000,0x0000000797300000)
  from space 12800K, 48% used [0x0000000798180000,0x000000079879b400,0x0000000798e00000)
  to   space 13824K, 0% used [0x0000000797300000,0x0000000797300000,0x0000000798080000)
 ParOldGen       total 69120K, used 24942K [0x0000000740000000, 0x0000000744380000, 0x0000000795580000)
  object space 69120K, 36% used [0x0000000740000000,0x000000074185b968,0x0000000744380000)
 Metaspace       used 24191K, capacity 25406K, committed 25728K, reserved 1071104K
  class space    used 3077K, capacity 3329K, committed 3456K, reserved 1048576K
}

