# JRE version: Java(TM) SE Runtime Environment (8.0_251-b08) (build 1.8.0_251-b08)
# Java VM: Java HotSpot(TM) 64-Bit Server VM (25.251-b08 mixed mode bsd-amd64 compressed oops)
Heap:
 PSYoungGen      total 58368K, used 55031K [0x0000000795580000, 0x0000000799e00000, 0x00000007c0000000)
  eden space 55808K, 94% used [0x0000000795580000,0x0000000798921b80,0x0000000798c00000)
  from space 2560K, 84% used [0x0000000799b80000,0x0000000799d9c230,0x0000000799e00000)
  to   space 5120K, 0% used [0x0000000799400000,0x0000000799400000,0x0000000799900000)
 ParOldGen       total 69632K, used 14322K [0x0000000740000000, 0x0000000744400000, 0x0000000795580000)
  object space 69632K, 20% used [0x0000000740000000,0x0000000740dfcaa8,0x0000000744400000)
 Metaspace       used 23226K, capacity 24406K, committed 24576K, reserved 1071104K
  class space    used 3044K, capacity 3301K, committed 3328K, reserved 1048576K
GC Heap History (10 events):
Event: 3.440 GC heap before
{Heap before GC invocations=1 (full 0):
 PSYoungGen      total 38400K, used 33280K [0x0000000795580000, 0x0000000798000000, 0x00000007c0000000)
  eden space 33280K, 100% used [0x0000000795580000,0x0000000797600000,0x0000000797600000)
  from space 5120K, 0% used [0x0000000797b00000,0x0000000797b00000,0x0000000798000000)
  to   space 5120K, 0% used [0x0000000797600000,0x0000000797600000,0x0000000797b00000)
 ParOldGen       total 87552K, used 0K [0x0000000740000000, 0x0000000745580000, 0x0000000795580000)
  object space 87552K, 0% used [0x0000000740000000,0x0000000740000000,0x0000000745580000)
 Metaspace       used 13229K, capacity 13606K, committed 13696K, reserved 1060864K
  class space    used 1548K, capacity 1663K, committed 1664K, reserved 1048576K
Event: 3.468 GC heap after
Heap after GC invocations=1 (full 0):
 PSYoungGen      total 38400K, used 5104K [0x0000000795580000, 0x0000000798000000, 0x00000007c0000000)
  eden space 33280K, 0% used [0x0000000795580000,0x0000000795580000,0x0000000797600000)
  from space 5120K, 99% used [0x0000000797600000,0x0000000797afc270,0x0000000797b00000)
  to   space 5120K, 0% used [0x0000000797b00000,0x0000000797b00000,0x0000000798000000)
 ParOldGen       total 87552K, used 1145K [0x0000000740000000, 0x0000000745580000, 0x0000000795580000)
  object space 87552K, 1% used [0x0000000740000000,0x000000074011e4a8,0x0000000745580000)
 Metaspace       used 13229K, capacity 13606K, committed 13696K, reserved 1060864K
  class space    used 1548K, capacity 1663K, committed 1664K, reserved 1048576K
}
Event: 6.988 GC heap before
{Heap before GC invocations=2 (full 0):
 PSYoungGen      total 38400K, used 37765K [0x0000000795580000, 0x0000000798000000, 0x00000007c0000000)
  eden space 33280K, 98% used [0x0000000795580000,0x00000007975653d0,0x0000000797600000)
  from space 5120K, 99% used [0x0000000797600000,0x0000000797afc270,0x0000000797b00000)
  to   space 5120K, 0% used [0x0000000797b00000,0x0000000797b00000,0x0000000798000000)
 ParOldGen       total 87552K, used 1145K [0x0000000740000000, 0x0000000745580000, 0x0000000795580000)
  object space 87552K, 1% used [0x0000000740000000,0x000000074011e4a8,0x0000000745580000)
 Metaspace       used 20150K, capacity 21144K, committed 21296K, reserved 1067008K
  class space    used 2675K, capacity 2928K, committed 2944K, reserved 1048576K
Event: 7.027 GC heap after
Heap after GC invocations=2 (full 0):
 PSYoungGen      total 38400K, used 5099K [0x0000000795580000, 0x0000000798000000, 0x00000007c0000000)
  eden space 33280K, 0% used [0x0000000795580000,0x0000000795580000,0x0000000797600000)
  from space 5120K, 99% used [0x0000000797b00000,0x0000000797ffae30,0x0000000798000000)
  to   space 5120K, 0% used [0x0000000797600000,0x0000000797600000,0x0000000797b00000)
 ParOldGen       total 87552K, used 5356K [0x0000000740000000, 0x0000000745580000, 0x0000000795580000)
  object space 87552K, 6% used [0x0000000740000000,0x000000074053b088,0x0000000745580000)
 Metaspace       used 20150K, capacity 21144K, committed 21296K, reserved 1067008K
  class space    used 2675K, capacity 2928K, committed 2944K, reserved 1048576K
}
Event: 8.611 GC heap before
{Heap before GC invocations=3 (full 0):
 PSYoungGen      total 38400K, used 12190K [0x0000000795580000, 0x0000000798000000, 0x00000007c0000000)
  eden space 33280K, 21% used [0x0000000795580000,0x0000000795c6cb50,0x0000000797600000)
  from space 5120K, 99% used [0x0000000797b00000,0x0000000797ffae30,0x0000000798000000)
  to   space 5120K, 0% used [0x0000000797600000,0x0000000797600000,0x0000000797b00000)
 ParOldGen       total 87552K, used 5356K [0x0000000740000000, 0x0000000745580000, 0x0000000795580000)
  object space 87552K, 6% used [0x0000000740000000,0x000000074053b088,0x0000000745580000)
 Metaspace       used 20259K, capacity 21272K, committed 21296K, reserved 1067008K
  class space    used 2676K, capacity 2928K, committed 2944K, reserved 1048576K
Event: 8.641 GC heap after
Heap after GC invocations=3 (full 0):
 PSYoungGen      total 38400K, used 5115K [0x0000000795580000, 0x000000079a080000, 0x00000007c0000000)
  eden space 33280K, 0% used [0x0000000795580000,0x0000000795580000,0x0000000797600000)
  from space 5120K, 99% used [0x0000000797600000,0x0000000797afee40,0x0000000797b00000)
  to   space 5120K, 0% used [0x0000000799b80000,0x0000000799b80000,0x000000079a080000)
 ParOldGen       total 87552K, used 15964K [0x0000000740000000, 0x0000000745580000, 0x0000000795580000)
  object space 87552K, 18% used [0x0000000740000000,0x0000000740f970a8,0x0000000745580000)
 Metaspace       used 20259K, capacity 21272K, committed 21296K, reserved 1067008K
  class space    used 2676K, capacity 2928K, committed 2944K, reserved 1048576K
}
Event: 8.642 GC heap before
{Heap before GC invocations=4 (full 1):
 PSYoungGen      total 38400K, used 5115K [0x0000000795580000, 0x000000079a080000, 0x00000007c0000000)
  eden space 33280K, 0% used [0x0000000795580000,0x0000000795580000,0x0000000797600000)
  from space 5120K, 99% used [0x0000000797600000,0x0000000797afee40,0x0000000797b00000)
  to   space 5120K, 0% used [0x0000000799b80000,0x0000000799b80000,0x000000079a080000)
 ParOldGen       total 87552K, used 15964K [0x0000000740000000, 0x0000000745580000, 0x0000000795580000)
  object space 87552K, 18% used [0x0000000740000000,0x0000000740f970a8,0x0000000745580000)
 Metaspace       used 20259K, capacity 21272K, committed 21296K, reserved 1067008K
  class space    used 2676K, capacity 2928K, committed 2944K, reserved 1048576K
Event: 8.683 GC heap after
Heap after GC invocations=4 (full 1):
 PSYoungGen      total 38400K, used 0K [0x0000000795580000, 0x000000079a080000, 0x00000007c0000000)
  eden space 33280K, 0% used [0x0000000795580000,0x0000000795580000,0x0000000797600000)
  from space 5120K, 0% used [0x0000000797600000,0x0000000797600000,0x0000000797b00000)
  to   space 5120K, 0% used [0x0000000799b80000,0x0000000799b80000,0x000000079a080000)
 ParOldGen       total 69632K, used 14322K [0x0000000740000000, 0x0000000744400000, 0x0000000795580000)
  object space 69632K, 20% used [0x0000000740000000,0x0000000740dfcaa8,0x0000000744400000)
 Metaspace       used 20259K, capacity 21272K, committed 21296K, reserved 1067008K
  class space    used 2676K, capacity 2928K, committed 2944K, reserved 1048576K
}
Event: 23.432 GC heap before
{Heap before GC invocations=5 (full 1):
 PSYoungGen      total 38400K, used 33280K [0x0000000795580000, 0x000000079a080000, 0x00000007c0000000)
  eden space 33280K, 100% used [0x0000000795580000,0x0000000797600000,0x0000000797600000)
  from space 5120K, 0% used [0x0000000797600000,0x0000000797600000,0x0000000797b00000)
  to   space 5120K, 0% used [0x0000000799b80000,0x0000000799b80000,0x000000079a080000)
 ParOldGen       total 69632K, used 14322K [0x0000000740000000, 0x0000000744400000, 0x0000000795580000)
  object space 69632K, 20% used [0x0000000740000000,0x0000000740dfcaa8,0x0000000744400000)
 Metaspace       used 21342K, capacity 22390K, committed 22528K, reserved 1069056K
  class space    used 2715K, capacity 2969K, committed 3072K, reserved 1048576K
Event: 23.449 GC heap after
Heap after GC invocations=5 (full 1):
 PSYoungGen      total 58368K, used 2160K [0x0000000795580000, 0x0000000799e00000, 0x00000007c0000000)
  eden space 55808K, 0% used [0x0000000795580000,0x0000000795580000,0x0000000798c00000)
  from space 2560K, 84% used [0x0000000799b80000,0x0000000799d9c230,0x0000000799e00000)
  to   space 5120K, 0% used [0x0000000799400000,0x0000000799400000,0x0000000799900000)
 ParOldGen       total 69632K, used 14322K [0x0000000740000000, 0x0000000744400000, 0x0000000795580000)
  object space 69632K, 20% used [0x0000000740000000,0x0000000740dfcaa8,0x0000000744400000)
 Metaspace       used 21342K, capacity 22390K, committed 22528K, reserved 1069056K
  class space    used 2715K, capacity 2969K, committed 3072K, reserved 1048576K
}

